=== Début installation MariaDB jeu 18 jun 2026 15:32:54 CEST ===
[OK]     Le dossier 'logs/' a été créé avec succès

WARNING: apt does not have a stable CLI interface. Use with caution in scripts.

Atteint : 1 http://deb.debian.org/debian trixie InRelease
Atteint : 2 http://security.debian.org/debian-security trixie-security InRelease
Atteint : 3 http://deb.debian.org/debian trixie-updates InRelease
Lecture des listes de paquets…
Construction de l'arbre des dépendances…
Lecture des informations d'état…
Tous les paquets sont à jour.
[OK]     Mise à jour des paquets effectuée avec succès

WARNING: apt does not have a stable CLI interface. Use with caution in scripts.

Lecture des listes de paquets…
Construction de l'arbre des dépendances…
Lecture des informations d'état…
Installation de :
  mariadb-server

Installation de dépendances : 
  galera-4                 mariadb-common
  libaio1t64               mariadb-plugin-provider-bzip2
  libconfig-inifiles-perl  mariadb-plugin-provider-lz4
  libdbd-mariadb-perl      mariadb-plugin-provider-lzma
  libdbi-perl              mariadb-plugin-provider-lzo
  libhtml-template-perl    mariadb-plugin-provider-snappy
  libmariadb3              mariadb-server-core
  libpcre2-posix3          mysql-common
  mariadb-client           pv
  mariadb-client-core      socat

Paquets suggérés :
  libnet-daemon-perl     libipc-sharedcache-perl  mariadb-test    doc-base
  libsql-statement-perl  mailx                    netcat-openbsd

Préconfiguration des paquets...
Sommaire :
  Mise à niveau de : 0. Installation de : 21Supprimé : 0. Non mis à jour : 0
Taille du téléchargement : 0 B / 18.9 MB
  Espace nécessaire : 196 MB / 13.1 GB disponible

Sélection du paquet galera-4 précédemment désélectionné.
(Lecture de la base de données... 155245 fichiers et répertoires déjà installés.)
Préparation du dépaquetage de .../00-galera-4_26.4.23-0+deb13u1_amd64.deb ...
Dépaquetage de galera-4 (26.4.23-0+deb13u1) ...
Sélection du paquet mysql-common précédemment désélectionné.
Préparation du dépaquetage de .../01-mysql-common_5.8+1.1.1_all.deb ...
Dépaquetage de mysql-common (5.8+1.1.1) ...
Sélection du paquet mariadb-common précédemment désélectionné.
Préparation du dépaquetage de .../02-mariadb-common_1%3a11.8.6-0+deb13u1_all.deb ...
Dépaquetage de mariadb-common (1:11.8.6-0+deb13u1) ...
Sélection du paquet libdbi-perl:amd64 précédemment désélectionné.
Préparation du dépaquetage de .../03-libdbi-perl_1.647-1+deb13u1_amd64.deb ...
Dépaquetage de libdbi-perl:amd64 (1.647-1+deb13u1) ...
Sélection du paquet libconfig-inifiles-perl précédemment désélectionné.
Préparation du dépaquetage de .../04-libconfig-inifiles-perl_3.000003-3_all.deb ...
Dépaquetage de libconfig-inifiles-perl (3.000003-3) ...
Sélection du paquet libmariadb3:amd64 précédemment désélectionné.
Préparation du dépaquetage de .../05-libmariadb3_1%3a11.8.6-0+deb13u1_amd64.deb ...
Dépaquetage de libmariadb3:amd64 (1:11.8.6-0+deb13u1) ...
Sélection du paquet mariadb-client-core précédemment désélectionné.
Préparation du dépaquetage de .../06-mariadb-client-core_1%3a11.8.6-0+deb13u1_amd64.deb ...
Dépaquetage de mariadb-client-core (1:11.8.6-0+deb13u1) ...
Sélection du paquet libpcre2-posix3:amd64 précédemment désélectionné.
Préparation du dépaquetage de .../07-libpcre2-posix3_10.46-1~deb13u1_amd64.deb ...
Dépaquetage de libpcre2-posix3:amd64 (10.46-1~deb13u1) ...
Sélection du paquet mariadb-client précédemment désélectionné.
Préparation du dépaquetage de .../08-mariadb-client_1%3a11.8.6-0+deb13u1_amd64.deb ...
Dépaquetage de mariadb-client (1:11.8.6-0+deb13u1) ...
Sélection du paquet libaio1t64:amd64 précédemment désélectionné.
Préparation du dépaquetage de .../09-libaio1t64_0.3.113-8+b1_amd64.deb ...
Dépaquetage de libaio1t64:amd64 (0.3.113-8+b1) ...
Sélection du paquet mariadb-server-core précédemment désélectionné.
Préparation du dépaquetage de .../10-mariadb-server-core_1%3a11.8.6-0+deb13u1_amd64.deb ...
Dépaquetage de mariadb-server-core (1:11.8.6-0+deb13u1) ...
Sélection du paquet socat précédemment désélectionné.
Préparation du dépaquetage de .../11-socat_1.8.0.3-1_amd64.deb ...
Dépaquetage de socat (1.8.0.3-1) ...
Paramétrage de mysql-common (5.8+1.1.1) ...
update-alternatives: utilisation de « /etc/mysql/my.cnf.fallback » pour fournir « /etc/mysql/my.cnf » (my.cnf) en mode automatique
Paramétrage de mariadb-common (1:11.8.6-0+deb13u1) ...
update-alternatives: utilisation de « /etc/mysql/mariadb.cnf » pour fournir « /etc/mysql/my.cnf » (my.cnf) en mode automatique
Sélection du paquet mariadb-server précédemment désélectionné.
(Lecture de la base de données... 155701 fichiers et répertoires déjà installés.)
Préparation du dépaquetage de .../0-mariadb-server_1%3a11.8.6-0+deb13u1_amd64.deb ...
Dépaquetage de mariadb-server (1:11.8.6-0+deb13u1) ...
Sélection du paquet libdbd-mariadb-perl précédemment désélectionné.
Préparation du dépaquetage de .../1-libdbd-mariadb-perl_1.22-1+b4_amd64.deb ...
Dépaquetage de libdbd-mariadb-perl (1.22-1+b4) ...
Sélection du paquet libhtml-template-perl précédemment désélectionné.
Préparation du dépaquetage de .../2-libhtml-template-perl_2.97-2_all.deb ...
Dépaquetage de libhtml-template-perl (2.97-2) ...
Sélection du paquet mariadb-plugin-provider-bzip2 précédemment désélectionné.
Préparation du dépaquetage de .../3-mariadb-plugin-provider-bzip2_1%3a11.8.6-0+deb13u1_amd64.deb ...
Dépaquetage de mariadb-plugin-provider-bzip2 (1:11.8.6-0+deb13u1) ...
Sélection du paquet mariadb-plugin-provider-lz4 précédemment désélectionné.
Préparation du dépaquetage de .../4-mariadb-plugin-provider-lz4_1%3a11.8.6-0+deb13u1_amd64.deb ...
Dépaquetage de mariadb-plugin-provider-lz4 (1:11.8.6-0+deb13u1) ...
Sélection du paquet mariadb-plugin-provider-lzma précédemment désélectionné.
Préparation du dépaquetage de .../5-mariadb-plugin-provider-lzma_1%3a11.8.6-0+deb13u1_amd64.deb ...
Dépaquetage de mariadb-plugin-provider-lzma (1:11.8.6-0+deb13u1) ...
Sélection du paquet mariadb-plugin-provider-lzo précédemment désélectionné.
Préparation du dépaquetage de .../6-mariadb-plugin-provider-lzo_1%3a11.8.6-0+deb13u1_amd64.deb ...
Dépaquetage de mariadb-plugin-provider-lzo (1:11.8.6-0+deb13u1) ...
Sélection du paquet mariadb-plugin-provider-snappy précédemment désélectionné.
Préparation du dépaquetage de .../7-mariadb-plugin-provider-snappy_1%3a11.8.6-0+deb13u1_amd64.deb ...
Dépaquetage de mariadb-plugin-provider-snappy (1:11.8.6-0+deb13u1) ...
Sélection du paquet pv précédemment désélectionné.
Préparation du dépaquetage de .../8-pv_1.9.31-1_amd64.deb ...
Dépaquetage de pv (1.9.31-1) ...
Paramétrage de libconfig-inifiles-perl (3.000003-3) ...
Paramétrage de galera-4 (26.4.23-0+deb13u1) ...
Paramétrage de libhtml-template-perl (2.97-2) ...
Paramétrage de socat (1.8.0.3-1) ...
Paramétrage de libmariadb3:amd64 (1:11.8.6-0+deb13u1) ...
Paramétrage de libpcre2-posix3:amd64 (10.46-1~deb13u1) ...
Paramétrage de libaio1t64:amd64 (0.3.113-8+b1) ...
Paramétrage de pv (1.9.31-1) ...
Paramétrage de mariadb-server-core (1:11.8.6-0+deb13u1) ...
Paramétrage de libdbi-perl:amd64 (1.647-1+deb13u1) ...
Paramétrage de mariadb-plugin-provider-lz4 (1:11.8.6-0+deb13u1) ...
Paramétrage de mariadb-plugin-provider-snappy (1:11.8.6-0+deb13u1) ...
Paramétrage de mariadb-client-core (1:11.8.6-0+deb13u1) ...
Paramétrage de libdbd-mariadb-perl (1.22-1+b4) ...
Paramétrage de mariadb-plugin-provider-bzip2 (1:11.8.6-0+deb13u1) ...
Paramétrage de mariadb-plugin-provider-lzma (1:11.8.6-0+deb13u1) ...
Paramétrage de mariadb-plugin-provider-lzo (1:11.8.6-0+deb13u1) ...
Paramétrage de mariadb-client (1:11.8.6-0+deb13u1) ...
Paramétrage de mariadb-server (1:11.8.6-0+deb13u1) ...
Created symlink '/etc/systemd/system/multi-user.target.wants/mariadb.service' → '/usr/lib/systemd/system/mariadb.service'.
Traitement des actions différées (« triggers ») pour man-db (2.13.1-1) ...
Traitement des actions différées (« triggers ») pour libc-bin (2.41-12+deb13u3) ...
[OK]     Installation de MariaDB effectuée avec succès
Synchronizing state of mariadb.service with SysV service script with /usr/lib/systemd/systemd-sysv-install.
Executing: /usr/lib/systemd/systemd-sysv-install enable mariadb
[OK]     Démarrage automatique de MariaDB activé avec succès
[OK]     Service MariaDB démarré avec succès
[OK]     Sécurisation de MariaDB effectuée avec succès
[OK]     Base de données 'app_interne' créée avec succès
[OK]     Utilisateur 'app_user' créé avec succès
[OK]     Droits attribués à 'app_user' sur 'app_interne' avec succès
=== Fin installation MariaDB jeu 18 jun 2026 15:33:13 CEST ===
